Removed Pin From Net: NetName=3v3 Pin=C4-1
Removed Pin From Net: NetName=ADC Pin=C4-2
Removed Pin From Net: NetName=3v3 Pin=C5-1
Removed Pin From Net: NetName=ADC Pin=C5-2
Removed Pin From Net: NetName=GND Pin=R1-1
Removed Pin From Net: NetName=ADC Pin=R1-2
Removed Member From Class: ClassName=StepCounter_sensor Member=R1
Added Component: Designator=C4(CAP-SM-0805)
Add component. Clean all parameters for all variants
Add component (AddParameter): Name = "Value"; Value = "22uF"; VariantName = "[No Variations]"
Added Component: Designator=C5(CAP-SM-0805)
Add component. Clean all parameters for all variants
Add component (AddParameter): Name = "Value"; Value = "100pF"; VariantName = "[No Variations]"
Added Component: Designator=R?(RES-SM-0603)
Add component. Clean all parameters for all variants
Add component (AddParameter): Name = "Value"; Value = "47K"; VariantName = "[No Variations]"
Added Pin To Net: NetName=ADC Pin=C4-1
Added Pin To Net: NetName=3v3 Pin=C4-2
Added Pin To Net: NetName=ADC Pin=C5-1
Added Pin To Net: NetName=3v3 Pin=C5-2
Added Pin To Net: NetName=GND Pin=R?-1
Added Pin To Net: NetName=ADC Pin=R?-2
Added Member To Class: ClassName=StepCounter_sensor Member=Component BT1 PIN 3V
Added Member To Class: ClassName=StepCounter_sensor Member=Component BT2 PIN 3V
Added Member To Class: ClassName=StepCounter_sensor Member=Component C1 Cap Non-Pol SMD
Added Member To Class: ClassName=StepCounter_sensor Member=Component C2 Cap Non-Pol SMD
Added Member To Class: ClassName=StepCounter_sensor Member=Component C3 Cap Non-Pol SMD
Added Member To Class: ClassName=StepCounter_sensor Member=Component IC1 LM1117
Added Member To Class: ClassName=StepCounter_sensor Member=Component P1 Header 2
Added Member To Class: ClassName=StepCounter_sensor Member=Component R? RESISTOR SMD
Added Member To Class: ClassName=StepCounter_sensor Member=Component SW1 SWDPDT
Added Room: Name=StepCounter_sensor
