Added Component: Designator=C4(CAP-SM-0603)
Add component. Clean all parameters for all variants
Add component (AddParameter): Name = "Value"; Value = "22uF"; VariantName = "[No Variations]"
Added Component: Designator=C5(CAP-SM-0603)
Add component. Clean all parameters for all variants
Add component (AddParameter): Name = "Value"; Value = "100pF"; VariantName = "[No Variations]"
Added Component: Designator=R3(RES-SM-0603)
Add component. Clean all parameters for all variants
Add component (AddParameter): Name = "Value"; Value = "47K"; VariantName = "[No Variations]"
Added Component: Designator=S*1(CP1/2)
Add component. Clean all parameters for all variants
Added Pin To Net: NetName=ADC Pin=C4-1
Added Pin To Net: NetName=3v3 Pin=C4-2
Added Pin To Net: NetName=ADC Pin=C5-1
Added Pin To Net: NetName=3v3 Pin=C5-2
Added Pin To Net: NetName=GND Pin=R3-1
Added Pin To Net: NetName=ADC Pin=R3-2
Added Pin To Net: NetName=ADC Pin=S*1-1
Added Pin To Net: NetName=3v3 Pin=S*1-2
Added Member To Class: ClassName=StepCounter_sensor Member=Component C4 Cap Non-Pol SMD
Added Member To Class: ClassName=StepCounter_sensor Member=Component C5 Cap Non-Pol SMD
Added Member To Class: ClassName=StepCounter_sensor Member=Component P? Header 4
Added Member To Class: ClassName=StepCounter_sensor Member=Component R3 RESISTOR SMD
Added Member To Class: ClassName=StepCounter_sensor Member=Component S*1 SW520D
Added Room: Name=StepCounter_sensor
