Added Component: Designator=BT1(PIN3V)
Add component. Clean all parameters for all variants
Add component (AddParameter): Name = "Value"; Value = "PIN 3V"; VariantName = "[No Variations]"
Added Component: Designator=BT2(PIN3V)
Add component. Clean all parameters for all variants
Add component (AddParameter): Name = "Value"; Value = "PIN 3V"; VariantName = "[No Variations]"
Added Component: Designator=C1(CAP-SM-0805)
Add component. Clean all parameters for all variants
Add component (AddParameter): Name = "Value"; Value = "22uF"; VariantName = "[No Variations]"
Added Component: Designator=C2(CAP-SM-0805)
Add component. Clean all parameters for all variants
Add component (AddParameter): Name = "Value"; Value = "100pF"; VariantName = "[No Variations]"
Added Component: Designator=C3(CAP-SM-0805)
Add component. Clean all parameters for all variants
Add component (AddParameter): Name = "Value"; Value = "100pF"; VariantName = "[No Variations]"
Added Component: Designator=C4(CP1/2)
Add component. Clean all parameters for all variants
Add component (AddParameter): Name = "Value"; Value = "22uF"; VariantName = "[No Variations]"
Added Component: Designator=C5(CN1)
Add component. Clean all parameters for all variants
Add component (AddParameter): Name = "Value"; Value = "100pF"; VariantName = "[No Variations]"
Added Component: Designator=C6(CAP-SM-0603)
Add component. Clean all parameters for all variants
Add component (AddParameter): Name = "Value"; Value = "1nF"; VariantName = "[No Variations]"
Added Component: Designator=IC1(SOT223-4N)
Add component. Clean all parameters for all variants
Add component (AddParameter): Name = "Value"; Value = "LM317"; VariantName = "[No Variations]"
Added Component: Designator=P1(JP2)
Add component. Clean all parameters for all variants
Add component (AddParameter): Name = "LatestRevisionDate"; Value = "17-Jul-2002"; VariantName = "[No Variations]"
Add component (AddParameter): Name = "LatestRevisionNote"; Value = "Re-released for DXP Platform."; VariantName = "[No Variations]"
Add component (AddParameter): Name = "Publisher"; Value = "Altium Limited"; VariantName = "[No Variations]"
Added Component: Designator=program1(JP3)
Add component. Clean all parameters for all variants
Add component (AddParameter): Name = "LatestRevisionDate"; Value = "17-Jul-2002"; VariantName = "[No Variations]"
Add component (AddParameter): Name = "LatestRevisionNote"; Value = "Re-released for DXP Platform."; VariantName = "[No Variations]"
Add component (AddParameter): Name = "Publisher"; Value = "Altium Limited"; VariantName = "[No Variations]"
Added Component: Designator=R1(RES 1/2W)
Add component. Clean all parameters for all variants
Add component (AddParameter): Name = "Value"; Value = "47K"; VariantName = "[No Variations]"
Added Component: Designator=R2(RES-SM-0603)
Add component. Clean all parameters for all variants
Add component (AddParameter): Name = "Value"; Value = "47K"; VariantName = "[No Variations]"
Added Component: Designator=RF*1(JP6)
Add component. Clean all parameters for all variants
Added Component: Designator=S*1(CP1/2)
Add component. Clean all parameters for all variants
Added Component: Designator=SW1(SWDPDT_1.5x1)
Add component. Clean all parameters for all variants
Add component (AddParameter): Name = "Creat by"; Value = "VanDungEvn@Gmail.com"; VariantName = "[No Variations]"
Added Component: Designator=SW2(SW4)
Add component. Clean all parameters for all variants
Add component (AddParameter): Name = "Value"; Value = "Button chip 4 pin"; VariantName = "[No Variations]"
Added Component: Designator=U*1(msp430g2553tsstop)
Add component. Clean all parameters for all variants
Added Pin To Net: NetName=GND Pin=BT2-1
Added Pin To Net: NetName=3v3 Pin=C3-1
Added Pin To Net: NetName=3v3 Pin=C4-1
Added Pin To Net: NetName=ADC Pin=C4-2
Added Pin To Net: NetName=3v3 Pin=C5-1
Added Pin To Net: NetName=ADC Pin=C5-2
Added Pin To Net: NetName=Reset Pin=C6-1
Added Pin To Net: NetName=GND Pin=C6-2
Added Pin To Net: NetName=3v3 Pin=IC1-2
Added Pin To Net: NetName=3v3 Pin=IC1-4
Added Pin To Net: NetName=GND Pin=P1-2
Added Pin To Net: NetName=GND Pin=program1-1
Added Pin To Net: NetName=test Pin=program1-2
Added Pin To Net: NetName=Reset Pin=program1-3
Added Pin To Net: NetName=GND Pin=R1-1
Added Pin To Net: NetName=ADC Pin=R1-2
Added Pin To Net: NetName=3v3 Pin=R2-1
Added Pin To Net: NetName=Reset Pin=R2-2
Added Pin To Net: NetName=GND Pin=RF*1-1
Added Pin To Net: NetName=cs Pin=RF*1-2
Added Pin To Net: NetName=set Pin=RF*1-3
Added Pin To Net: NetName=TX Pin=RF*1-4
Added Pin To Net: NetName=RX Pin=RF*1-5
Added Pin To Net: NetName=3v3 Pin=RF*1-6
Added Pin To Net: NetName=ADC Pin=S*1-1
Added Pin To Net: NetName=3v3 Pin=S*1-2
Added Pin To Net: NetName=Reset Pin=SW2-1
Added Pin To Net: NetName=GND Pin=SW2-2
Added Pin To Net: NetName=Reset Pin=SW2-3
Added Pin To Net: NetName=GND Pin=SW2-4
Added Pin To Net: NetName=VCC Pin=U*1-1
Added Pin To Net: NetName=ADC Pin=U*1-2
Added Pin To Net: NetName=TX Pin=U*1-3
Added Pin To Net: NetName=RX Pin=U*1-4
Added Pin To Net: NetName=cs Pin=U*1-8
Added Pin To Net: NetName=set Pin=U*1-9
Added Pin To Net: NetName=Reset Pin=U*1-24
Added Pin To Net: NetName=test Pin=U*1-25
Added Pin To Net: NetName=GND Pin=U*1-28
Added Pin To Net: NetName=NetBT1_1 Pin=BT1-1
Added Pin To Net: NetName=NetBT1_1 Pin=SW1-1
Added Net: Name=NetBT1_1
Added Pin To Net: NetName=NetBT1_2 Pin=BT1-2
Added Pin To Net: NetName=NetBT1_2 Pin=BT2-2
Added Net: Name=NetBT1_2
Added Pin To Net: NetName=NetC1_1 Pin=C1-1
Added Pin To Net: NetName=NetC1_1 Pin=C2-1
Added Pin To Net: NetName=NetC1_1 Pin=C3-2
Added Pin To Net: NetName=NetC1_1 Pin=IC1-1
Added Net: Name=NetC1_1
Added Pin To Net: NetName=NetC1_2 Pin=C1-2
Added Pin To Net: NetName=NetC1_2 Pin=C2-2
Added Pin To Net: NetName=NetC1_2 Pin=IC1-3
Added Pin To Net: NetName=NetC1_2 Pin=SW1-2
Added Net: Name=NetC1_2
Added Pin To Net: NetName=NetP1_1 Pin=P1-1
Added Pin To Net: NetName=NetP1_1 Pin=SW1-3
Added Net: Name=NetP1_1
Added Member To Class: ClassName=StepCounter_sensor Member=Component BT1 PIN 3V
Added Member To Class: ClassName=StepCounter_sensor Member=Component BT2 PIN 3V
Added Member To Class: ClassName=StepCounter_sensor Member=Component C1 Cap Non-Pol SMD
Added Member To Class: ClassName=StepCounter_sensor Member=Component C2 Cap Non-Pol SMD
Added Member To Class: ClassName=StepCounter_sensor Member=Component C3 Cap Non-Pol SMD
Added Member To Class: ClassName=StepCounter_sensor Member=Component C4 Cap Pol
Added Member To Class: ClassName=StepCounter_sensor Member=Component C5 Cap Non-Pol
Added Member To Class: ClassName=StepCounter_sensor Member=Component C6 Cap Non-Pol SMD
Added Member To Class: ClassName=StepCounter_sensor Member=Component IC1 LM1117
Added Member To Class: ClassName=StepCounter_sensor Member=Component P1 Header 2
Added Member To Class: ClassName=StepCounter_sensor Member=Component program1 Header 3
Added Member To Class: ClassName=StepCounter_sensor Member=Component R1 RESISTOR
Added Member To Class: ClassName=StepCounter_sensor Member=Component R2 RESISTOR SMD
Added Member To Class: ClassName=StepCounter_sensor Member=Component RF*1 LC12S
Added Member To Class: ClassName=StepCounter_sensor Member=Component S*1 SW520D
Added Member To Class: ClassName=StepCounter_sensor Member=Component SW1 SWDPDT
Added Member To Class: ClassName=StepCounter_sensor Member=Component SW2 c
Added Member To Class: ClassName=StepCounter_sensor Member=Component U*1 MSP430G2553
Added Room: Name=StepCounter_sensor
