Removed Pin From Net: NetName=ADC Pin=C4-1
Removed Pin From Net: NetName=3v3 Pin=C4-2
Removed Pin From Net: NetName=ADC Pin=C5-1
Removed Pin From Net: NetName=3v3 Pin=C5-2
Removed Pin From Net: NetName=GND Pin=R3-1
Removed Pin From Net: NetName=ADC Pin=R3-2
Removed Pin From Net: NetName=ADC Pin=S*1-1
Removed Pin From Net: NetName=3v3 Pin=S*1-2
Removed Member From Class: ClassName=StepCounter_sensor Member=C4
Removed Member From Class: ClassName=StepCounter_sensor Member=C5
Removed Member From Class: ClassName=StepCounter_sensor Member=R3
Removed Member From Class: ClassName=StepCounter_sensor Member=S*1
Change Component Footprint: Designator=C6 Old Footprint=CAP-SM-0805 New Footprint=CAP-SM-0603
Change Component Footprint: Designator=R2 Old Footprint=RES-SM-0805 New Footprint=RES-SM-0603
Added Component: Designator=P?(JP4)
Add component. Clean all parameters for all variants
Add component (AddParameter): Name = "LatestRevisionDate"; Value = "17-Jul-2002"; VariantName = "[No Variations]"
Add component (AddParameter): Name = "LatestRevisionNote"; Value = "Re-released for DXP Platform."; VariantName = "[No Variations]"
Add component (AddParameter): Name = "Publisher"; Value = "Altium Limited"; VariantName = "[No Variations]"
Added Pin To Net: NetName=GND Pin=P?-2
Added Pin To Net: NetName=SCL Pin=P?-3
Added Pin To Net: NetName=SCL Pin=U*1-22
Added Net: Name=SCL
Added Pin To Net: NetName=SDA Pin=P?-4
Added Pin To Net: NetName=SDA Pin=U*1-23
Added Net: Name=SDA
Added Pin To Net: NetName=VCC Pin=P?-1
Added Net: Name=VCC
Added Member To Class: ClassName=StepCounter_sensor Member=Component P? Header 4
Added Member To Class: ClassName=StepCounter_sensor Member=Component SW1 SWDPDT
Added Room: Name=StepCounter_sensor
