Change Component Footprint: Designator=C3 Old Footprint=CAP-SM-0805 New Footprint=CAP-SM-0603
Change Component Footprint: Designator=C4 Old Footprint=CAP-SM-0805 New Footprint=CAP-SM-0603
Change Component Footprint: Designator=R1 Old Footprint=RES-SM-0805 New Footprint=RES-SM-0603
Change Component Footprint: Designator=R2 Old Footprint=RES-SM-0805 New Footprint=RES-SM-0603
Change Component Designator: OldDesignator=BT1 NewDesignator=BT2
Change Component Designator: OldDesignator=BT2 NewDesignator=BT1
Change Component Designator: OldDesignator=C1 NewDesignator=C3
Change Component Designator: OldDesignator=C2 NewDesignator=C6
Change Component Designator: OldDesignator=C3 NewDesignator=C5
Change Component Designator: OldDesignator=C5 NewDesignator=C2
Change Component Designator: OldDesignator=C6 NewDesignator=C1
Change Component Designator: OldDesignator=R1 NewDesignator=R3
Added Component: Designator=H1(LO KHOAN 3MM)
Add component. Clean all parameters for all variants
Added Component: Designator=H2(LO KHOAN 3MM)
Add component. Clean all parameters for all variants
Added Component: Designator=H3(LO KHOAN 3MM)
Add component. Clean all parameters for all variants
Added Component: Designator=H4(LO KHOAN 3MM)
Add component. Clean all parameters for all variants
Added Member To Class: ClassName=StepCounter_sensor Member=Component H1 Hole
Added Member To Class: ClassName=StepCounter_sensor Member=Component H2 Hole
Added Member To Class: ClassName=StepCounter_sensor Member=Component H3 Hole
Added Member To Class: ClassName=StepCounter_sensor Member=Component H4 Hole
Added Room: Name=StepCounter_sensor
