Change Component Footprint: Designator=C6 Old Footprint=CAP-SM-0805 New Footprint=CAP-SM-0603
Change Component Footprint: Designator=R2 Old Footprint=RES-SM-0805 New Footprint=RES-SM-0603
Change Component Footprint: Designator=R3 Old Footprint=RES-SM-0805 New Footprint=RES-SM-0603
Added Component: Designator=P?(JP4)
Add component. Clean all parameters for all variants
Add component (AddParameter): Name = "LatestRevisionDate"; Value = "17-Jul-2002"; VariantName = "[No Variations]"
Add component (AddParameter): Name = "LatestRevisionNote"; Value = "Re-released for DXP Platform."; VariantName = "[No Variations]"
Add component (AddParameter): Name = "Publisher"; Value = "Altium Limited"; VariantName = "[No Variations]"
Added Pin To Net: NetName=VCC Pin=P?-1
Added Pin To Net: NetName=GND Pin=P?-2
Added Pin To Net: NetName=SCL Pin=P?-3
Added Pin To Net: NetName=SDA Pin=P?-4
Added Pin To Net: NetName=SCL Pin=U*1-22
Added Pin To Net: NetName=SDA Pin=U*1-23
Added Member To Class: ClassName=StepCounter_sensor Member=Component C4 Cap Non-Pol SMD
Added Member To Class: ClassName=StepCounter_sensor Member=Component C5 Cap Non-Pol SMD
Added Member To Class: ClassName=StepCounter_sensor Member=Component P? Header 4
Added Member To Class: ClassName=StepCounter_sensor Member=Component R3 RESISTOR SMD
Added Member To Class: ClassName=StepCounter_sensor Member=Component S*1 SW520D
Added Room: Name=StepCounter_sensor
