Added Component: Designator=C4(CAP-SM-0805)
Add component. Clean all parameters for all variants
Add component (AddParameter): Name = "Value"; Value = "1nF"; VariantName = "[No Variations]"
Added Component: Designator=P2(JP3)
Add component. Clean all parameters for all variants
Add component (AddParameter): Name = "LatestRevisionDate"; Value = "17-Jul-2002"; VariantName = "[No Variations]"
Add component (AddParameter): Name = "LatestRevisionNote"; Value = "Re-released for DXP Platform."; VariantName = "[No Variations]"
Add component (AddParameter): Name = "Publisher"; Value = "Altium Limited"; VariantName = "[No Variations]"
Added Component: Designator=SW1(Tact SW 4 pin)
Add component. Clean all parameters for all variants
Add component (AddParameter): Name = "Value"; Value = "Button chip 4 pin"; VariantName = "[No Variations]"
Added Pin To Net: NetName=GND Pin=C4-2
Added Pin To Net: NetName=GND Pin=P2-3
Added Pin To Net: NetName=GND Pin=SW1-2
Added Pin To Net: NetName=GND Pin=SW1-4
Added Pin To Net: NetName=RESET Pin=P2-2
Added Pin To Net: NetName=RESET Pin=U*1-24
Added Net: Name=RESET
Added Pin To Net: NetName=TEST Pin=P2-1
Added Pin To Net: NetName=TEST Pin=U*1-25
Added Net: Name=TEST
Added Pin To Net: NetName=VCC Pin=C4-1
Added Pin To Net: NetName=VCC Pin=SW1-1
Added Pin To Net: NetName=VCC Pin=SW1-3
Added Net: Name=VCC
Added Member To Class: ClassName=StepCounter_LCD Member=Component C4 Cap Non-Pol SMD
Added Member To Class: ClassName=StepCounter_LCD Member=Component H1 Hole
Added Member To Class: ClassName=StepCounter_LCD Member=Component H2 Hole
Added Member To Class: ClassName=StepCounter_LCD Member=Component H3 Hole
Added Member To Class: ClassName=StepCounter_LCD Member=Component H4 Hole
Added Member To Class: ClassName=StepCounter_LCD Member=Component P2 Header 3
Added Member To Class: ClassName=StepCounter_LCD Member=Component SW1 SW
Added Member To Class: ClassName=StepCounter_LCD Member=Component  Header 2
Added Member To Class: ClassName=StepCounter_LCD Member=Component U*1 MSP430G2553
Added Member To Class: ClassName=StepCounter_LCD Member=Component VR1 10K
Added Room: Name=StepCounter_LCD
