Added Component: Designator=BT1(PIN3V)
Add component. Clean all parameters for all variants
Add component (AddParameter): Name = "Value"; Value = "PIN 3V"; VariantName = "[No Variations]"
Added Component: Designator=BT2(PIN3V)
Add component. Clean all parameters for all variants
Add component (AddParameter): Name = "Value"; Value = "PIN 3V"; VariantName = "[No Variations]"
Added Component: Designator=C1(CAP-SM-0805)
Add component. Clean all parameters for all variants
Add component (AddParameter): Name = "Value"; Value = "22uF"; VariantName = "[No Variations]"
Added Component: Designator=C2(CAP-SM-0805)
Add component. Clean all parameters for all variants
Add component (AddParameter): Name = "Value"; Value = "100pF"; VariantName = "[No Variations]"
Added Component: Designator=C3(CAP-SM-0805)
Add component. Clean all parameters for all variants
Add component (AddParameter): Name = "Value"; Value = "100pF"; VariantName = "[No Variations]"
Added Component: Designator=IC1(SOT223-4N)
Add component. Clean all parameters for all variants
Add component (AddParameter): Name = "Value"; Value = "LM317"; VariantName = "[No Variations]"
Added Component: Designator=LCD1(LCD_16x2)
Add component. Clean all parameters for all variants
Added Component: Designator=RF*1(JP6)
Add component. Clean all parameters for all variants
Added Component: Designator=SW1(Tact SW 4 pin)
Add component. Clean all parameters for all variants
Add component (AddParameter): Name = "Value"; Value = "Button chip 4 pin"; VariantName = "[No Variations]"
Added Component: Designator=SW2(SWDPDT_1.5x1)
Add component. Clean all parameters for all variants
Add component (AddParameter): Name = "Creat by"; Value = "VanDungEvn@Gmail.com"; VariantName = "[No Variations]"
Added Component: Designator=(JP2)
Add component. Clean all parameters for all variants
Add component (AddParameter): Name = "LatestRevisionDate"; Value = "17-Jul-2002"; VariantName = "[No Variations]"
Add component (AddParameter): Name = "LatestRevisionNote"; Value = "Re-released for DXP Platform."; VariantName = "[No Variations]"
Add component (AddParameter): Name = "Publisher"; Value = "Altium Limited"; VariantName = "[No Variations]"
Added Component: Designator=U*1(msp430g2553tsstop)
Add component. Clean all parameters for all variants
Added Component: Designator=VR1(VR)
Add component. Clean all parameters for all variants
Add component (AddParameter): Name = "Value"; Value = "VR 10K"; VariantName = "[No Variations]"
Added Component: Designator=VR2(VR1)
Add component. Clean all parameters for all variants
Add component (AddParameter): Name = "Value"; Value = "VR 10K"; VariantName = "[No Variations]"
Added Pin To Net: NetName=3V3 Pin=C3-2
Added Pin To Net: NetName=3V3 Pin=IC1-2
Added Pin To Net: NetName=3V3 Pin=IC1-4
Added Pin To Net: NetName=3V3 Pin=RF*1-1
Added Pin To Net: NetName=3V3 Pin=U*1-1
Added Pin To Net: NetName=3V3 Pin=VR2-1
Added Net: Name=3V3
Added Pin To Net: NetName=5v Pin=C1-2
Added Pin To Net: NetName=5v Pin=C2-2
Added Pin To Net: NetName=5v Pin=IC1-3
Added Pin To Net: NetName=5v Pin=LCD1-1
Added Pin To Net: NetName=5v Pin=LCD1-15
Added Pin To Net: NetName=5v Pin=SW2-2
Added Net: Name=5v
Added Pin To Net: NetName=CS Pin=RF*1-5
Added Pin To Net: NetName=CS Pin=U*1-5
Added Net: Name=CS
Added Pin To Net: NetName=GND Pin=-1
Added Pin To Net: NetName=GND Pin=BT2-2
Added Pin To Net: NetName=GND Pin=C1-1
Added Pin To Net: NetName=GND Pin=C2-1
Added Pin To Net: NetName=GND Pin=C3-1
Added Pin To Net: NetName=GND Pin=IC1-1
Added Pin To Net: NetName=GND Pin=RF*1-6
Added Pin To Net: NetName=GND Pin=SW1-1
Added Pin To Net: NetName=GND Pin=SW1-3
Added Pin To Net: NetName=GND Pin=U*1-28
Added Pin To Net: NetName=GND Pin=VR1-3
Added Pin To Net: NetName=GND Pin=VR2-3
Added Net: Name=GND
Added Pin To Net: NetName=Net_2 Pin=-2
Added Pin To Net: NetName=Net_2 Pin=SW2-3
Added Net: Name=Net_2
Added Pin To Net: NetName=NetBT1_2 Pin=BT1-2
Added Pin To Net: NetName=NetBT1_2 Pin=BT2-1
Added Net: Name=NetBT1_2
Added Pin To Net: NetName=NetLCD1_3 Pin=LCD1-3
Added Pin To Net: NetName=NetLCD1_3 Pin=VR1-2
Added Net: Name=NetLCD1_3
Added Pin To Net: NetName=NetLCD1_16 Pin=LCD1-16
Added Pin To Net: NetName=NetLCD1_16 Pin=SW1-2
Added Pin To Net: NetName=NetLCD1_16 Pin=SW1-4
Added Net: Name=NetLCD1_16
Added Pin To Net: NetName=NetU*1_2 Pin=U*1-2
Added Pin To Net: NetName=NetU*1_2 Pin=VR2-2
Added Net: Name=NetU*1_2
Added Pin To Net: NetName=P1.3 Pin=LCD1-4
Added Net: Name=P1.3
Added Pin To Net: NetName=P1.4 Pin=LCD1-5
Added Pin To Net: NetName=P1.4 Pin=LCD1-5
Added Net: Name=P1.4
Added Pin To Net: NetName=P1.5 Pin=LCD1-6
Added Pin To Net: NetName=P1.5 Pin=LCD1-6
Added Net: Name=P1.5
Added Pin To Net: NetName=P2.0 Pin=LCD1-7
Added Pin To Net: NetName=P2.0 Pin=LCD1-7
Added Pin To Net: NetName=P2.0 Pin=U*1-10
Added Net: Name=P2.0
Added Pin To Net: NetName=P2.1 Pin=LCD1-8
Added Pin To Net: NetName=P2.1 Pin=LCD1-8
Added Pin To Net: NetName=P2.1 Pin=U*1-11
Added Net: Name=P2.1
Added Pin To Net: NetName=P2.2 Pin=LCD1-9
Added Pin To Net: NetName=P2.2 Pin=U*1-12
Added Net: Name=P2.2
Added Pin To Net: NetName=P2.3 Pin=LCD1-10
Added Pin To Net: NetName=P2.3 Pin=U*1-16
Added Net: Name=P2.3
Added Pin To Net: NetName=P2.4 Pin=LCD1-11
Added Pin To Net: NetName=P2.4 Pin=U*1-17
Added Net: Name=P2.4
Added Pin To Net: NetName=P2.5 Pin=LCD1-12
Added Pin To Net: NetName=P2.5 Pin=U*1-18
Added Net: Name=P2.5
Added Pin To Net: NetName=P2.6 Pin=LCD1-13
Added Pin To Net: NetName=P2.6 Pin=U*1-27
Added Net: Name=P2.6
Added Pin To Net: NetName=P2.7 Pin=LCD1-14
Added Pin To Net: NetName=P2.7 Pin=U*1-26
Added Net: Name=P2.7
Added Pin To Net: NetName=Rx Pin=RF*1-3
Added Pin To Net: NetName=Rx Pin=U*1-3
Added Net: Name=Rx
Added Pin To Net: NetName=SET Pin=RF*1-4
Added Pin To Net: NetName=SET Pin=U*1-6
Added Net: Name=SET
Added Pin To Net: NetName=Tx Pin=RF*1-2
Added Pin To Net: NetName=Tx Pin=U*1-4
Added Net: Name=Tx
Added Pin To Net: NetName=VCC Pin=VR1-1
Added Net: Name=VCC
Added Class: Name=StepCounter_LCD
Added Room: Name=StepCounter_LCD
