Removed Pin From Net: NetName=5v Pin=LCD-1
Removed Pin From Net: NetName=GND Pin=LCD-2
Removed Pin From Net: NetName=P2.0 Pin=LCD-7
Removed Pin From Net: NetName=P2.1 Pin=LCD-8
Removed Pin From Net: NetName=P2.2 Pin=LCD-9
Removed Pin From Net: NetName=NetLCD_16 Pin=SW1-2
Removed Pin From Net: NetName=NetLCD_16 Pin=SW1-4
Added Component: Designator=R3(RES-SM-0603)
Add component. Clean all parameters for all variants
Add component (AddParameter): Name = "Value"; Value = "1K"; VariantName = "[No Variations]"
Added Pin To Net: NetName=GND Pin=LCD-1
Added Pin To Net: NetName=5v Pin=LCD-2
Added Pin To Net: NetName=P2.1 Pin=LCD-4
Added Pin To Net: NetName=GND Pin=LCD-6
Added Pin To Net: NetName=NetLCD_16 Pin=R3-1
Added Pin To Net: NetName=GND Pin=U*1-16
Change Net Name : Old Net Name=GND New Net Name=P2.3
Added Pin To Net: NetName=NetR3_2 Pin=R3-2
Added Pin To Net: NetName=NetR3_2 Pin=SW1-2
Added Pin To Net: NetName=NetR3_2 Pin=SW1-4
Added Net: Name=NetR3_2
Added Member To Class: ClassName=StepCounter_LCD Member=Component R3 RESISTOR SMD
Added Member To Class: ClassName=StepCounter_LCD Member=Component R4 RESISTOR SMD
Added Member To Class: ClassName=StepCounter_LCD Member=Component SW1 SW
Added Member To Class: ClassName=StepCounter_LCD Member=Component  Header 2
Added Member To Class: ClassName=StepCounter_LCD Member=Component U*1 MSP430G2553
Added Member To Class: ClassName=StepCounter_LCD Member=Component VR1 10K
Added Room: Name=StepCounter_LCD
