Added Component: Designator=LCD(LCD_16x2)
Add component. Clean all parameters for all variants
Added Pin To Net: NetName=GND Pin=LCD-2
Added Pin To Net: NetName=P1.3 Pin=LCD-4
Added Pin To Net: NetName=P1.4 Pin=LCD-5
Added Pin To Net: NetName=P1.5 Pin=LCD-6
Added Pin To Net: NetName=P2.0 Pin=LCD-7
Added Pin To Net: NetName=P2.1 Pin=LCD-8
Added Pin To Net: NetName=P2.2 Pin=LCD-9
Added Pin To Net: NetName=P2.3 Pin=LCD-10
Added Pin To Net: NetName=P2.4 Pin=LCD-11
Added Pin To Net: NetName=P2.5 Pin=LCD-12
Added Pin To Net: NetName=P2.6 Pin=LCD-13
Added Pin To Net: NetName=P2.7 Pin=LCD-14
Added Pin To Net: NetName=5v Pin=LCD-15
Added Pin To Net: NetName=NetLCD_3 Pin=LCD-3
Added Pin To Net: NetName=NetLCD_3 Pin=VR1-2
Added Net: Name=NetLCD_3
Added Pin To Net: NetName=NetLCD_16 Pin=LCD-16
Added Pin To Net: NetName=NetLCD_16 Pin=SW1-2
Added Pin To Net: NetName=NetLCD_16 Pin=SW1-4
Added Net: Name=NetLCD_16
Added Member To Class: ClassName=StepCounter_LCD Member=Component LCD LCD16x2
Added Room: Name=StepCounter_LCD
